Determining if the function clock_gettime exists in the rt failed with the following output:
Change Dir: /Users/atman/code/pylon/nng/CMakeFiles/CMakeTmp

Run Build Command:"/usr/local/bin/ninja" "cmTC_be7fd"
[1/2] Building C object CMakeFiles/cmTC_be7fd.dir/CheckFunctionExists.c.o
[2/2] Linking C executable cmTC_be7fd
FAILED: cmTC_be7fd 
: && /Applications/Xcode.app/Contents/Developer/Toolchains/XcodeDefault.xctoolchain/usr/bin/cc -Wall -Wextra  -DCHECK_FUNCTION_EXISTS=clock_gettime -isysroot /Applications/Xcode.app/Contents/Developer/Platforms/MacOSX.platform/Developer/SDKs/MacOSX10.13.sdk -Wl,-search_paths_first -Wl,-headerpad_max_install_names  CMakeFiles/cmTC_be7fd.dir/CheckFunctionExists.c.o  -o cmTC_be7fd  -lrt && :
ld: library not found for -lrt
clang: error: linker command failed with exit code 1 (use -v to see invocation)
ninja: build stopped: subcommand failed.


Determining if the function gethostbyname exists in the nsl failed with the following output:
Change Dir: /Users/atman/code/pylon/nng/CMakeFiles/CMakeTmp

Run Build Command:"/usr/local/bin/ninja" "cmTC_5d03e"
[1/2] Building C object CMakeFiles/cmTC_5d03e.dir/CheckFunctionExists.c.o
[2/2] Linking C executable cmTC_5d03e
FAILED: cmTC_5d03e 
: && /Applications/Xcode.app/Contents/Developer/Toolchains/XcodeDefault.xctoolchain/usr/bin/cc -Wall -Wextra  -DCHECK_FUNCTION_EXISTS=gethostbyname -isysroot /Applications/Xcode.app/Contents/Developer/Platforms/MacOSX.platform/Developer/SDKs/MacOSX10.13.sdk -Wl,-search_paths_first -Wl,-headerpad_max_install_names  CMakeFiles/cmTC_5d03e.dir/CheckFunctionExists.c.o  -o cmTC_5d03e  -lnsl && :
ld: library not found for -lnsl
clang: error: linker command failed with exit code 1 (use -v to see invocation)
ninja: build stopped: subcommand failed.


Determining if the function socket exists in the socket failed with the following output:
Change Dir: /Users/atman/code/pylon/nng/CMakeFiles/CMakeTmp

Run Build Command:"/usr/local/bin/ninja" "cmTC_a9d1c"
[1/2] Building C object CMakeFiles/cmTC_a9d1c.dir/CheckFunctionExists.c.o
[2/2] Linking C executable cmTC_a9d1c
FAILED: cmTC_a9d1c 
: && /Applications/Xcode.app/Contents/Developer/Toolchains/XcodeDefault.xctoolchain/usr/bin/cc -Wall -Wextra  -DCHECK_FUNCTION_EXISTS=socket -isysroot /Applications/Xcode.app/Contents/Developer/Platforms/MacOSX.platform/Developer/SDKs/MacOSX10.13.sdk -Wl,-search_paths_first -Wl,-headerpad_max_install_names  CMakeFiles/cmTC_a9d1c.dir/CheckFunctionExists.c.o  -o cmTC_a9d1c  -lsocket && :
ld: library not found for -lsocket
clang: error: linker command failed with exit code 1 (use -v to see invocation)
ninja: build stopped: subcommand failed.


Determining if the port_create exist failed with the following output:
Change Dir: /Users/atman/code/pylon/nng/CMakeFiles/CMakeTmp

Run Build Command:"/usr/local/bin/ninja" "cmTC_04c60"
[1/2] Building C object CMakeFiles/cmTC_04c60.dir/CheckSymbolExists.c.o
FAILED: CMakeFiles/cmTC_04c60.dir/CheckSymbolExists.c.o 
/Applications/Xcode.app/Contents/Developer/Toolchains/XcodeDefault.xctoolchain/usr/bin/cc   -Wall -Wextra   -isysroot /Applications/Xcode.app/Contents/Developer/Platforms/MacOSX.platform/Developer/SDKs/MacOSX10.13.sdk -o CMakeFiles/cmTC_04c60.dir/CheckSymbolExists.c.o   -c CheckSymbolExists.c
CheckSymbolExists.c:2:10: fatal error: 'port.h' file not found
#include <port.h>
         ^~~~~~~~
1 error generated.
ninja: build stopped: subcommand failed.

File /Users/atman/code/pylon/nng/CMakeFiles/CMakeTmp/CheckSymbolExists.c:
/* */
#include <port.h>

int main(int argc, char** argv)
{
  (void)argv;
#ifndef port_create
  return ((int*)(&port_create))[argc];
#else
  (void)argc;
  return 0;
#endif
}

Determining if the epoll_wait exist failed with the following output:
Change Dir: /Users/atman/code/pylon/nng/CMakeFiles/CMakeTmp

Run Build Command:"/usr/local/bin/ninja" "cmTC_733ec"
[1/2] Building C object CMakeFiles/cmTC_733ec.dir/CheckSymbolExists.c.o
FAILED: CMakeFiles/cmTC_733ec.dir/CheckSymbolExists.c.o 
/Applications/Xcode.app/Contents/Developer/Toolchains/XcodeDefault.xctoolchain/usr/bin/cc   -Wall -Wextra   -isysroot /Applications/Xcode.app/Contents/Developer/Platforms/MacOSX.platform/Developer/SDKs/MacOSX10.13.sdk -o CMakeFiles/cmTC_733ec.dir/CheckSymbolExists.c.o   -c CheckSymbolExists.c
CheckSymbolExists.c:2:10: fatal error: 'sys/epoll.h' file not found
#include <sys/epoll.h>
         ^~~~~~~~~~~~~
1 error generated.
ninja: build stopped: subcommand failed.

File /Users/atman/code/pylon/nng/CMakeFiles/CMakeTmp/CheckSymbolExists.c:
/* */
#include <sys/epoll.h>

int main(int argc, char** argv)
{
  (void)argv;
#ifndef epoll_wait
  return ((int*)(&epoll_wait))[argc];
#else
  (void)argc;
  return 0;
#endif
}

Determining if the SO_PEERCRED exist failed with the following output:
Change Dir: /Users/atman/code/pylon/nng/CMakeFiles/CMakeTmp

Run Build Command:"/usr/local/bin/ninja" "cmTC_1e1f0"
[1/2] Building C object CMakeFiles/cmTC_1e1f0.dir/CheckSymbolExists.c.o
FAILED: CMakeFiles/cmTC_1e1f0.dir/CheckSymbolExists.c.o 
/Applications/Xcode.app/Contents/Developer/Toolchains/XcodeDefault.xctoolchain/usr/bin/cc   -Wall -Wextra   -isysroot /Applications/Xcode.app/Contents/Developer/Platforms/MacOSX.platform/Developer/SDKs/MacOSX10.13.sdk -o CMakeFiles/cmTC_1e1f0.dir/CheckSymbolExists.c.o   -c CheckSymbolExists.c
CheckSymbolExists.c:8:19: error: use of undeclared identifier 'SO_PEERCRED'
  return ((int*)(&SO_PEERCRED))[argc];
                  ^
1 error generated.
ninja: build stopped: subcommand failed.

File /Users/atman/code/pylon/nng/CMakeFiles/CMakeTmp/CheckSymbolExists.c:
/* */
#include <sys/socket.h>

int main(int argc, char** argv)
{
  (void)argv;
#ifndef SO_PEERCRED
  return ((int*)(&SO_PEERCRED))[argc];
#else
  (void)argc;
  return 0;
#endif
}

Determining if the getpeerucred exist failed with the following output:
Change Dir: /Users/atman/code/pylon/nng/CMakeFiles/CMakeTmp

Run Build Command:"/usr/local/bin/ninja" "cmTC_b0a4e"
[1/2] Building C object CMakeFiles/cmTC_b0a4e.dir/CheckSymbolExists.c.o
FAILED: CMakeFiles/cmTC_b0a4e.dir/CheckSymbolExists.c.o 
/Applications/Xcode.app/Contents/Developer/Toolchains/XcodeDefault.xctoolchain/usr/bin/cc   -Wall -Wextra   -isysroot /Applications/Xcode.app/Contents/Developer/Platforms/MacOSX.platform/Developer/SDKs/MacOSX10.13.sdk -o CMakeFiles/cmTC_b0a4e.dir/CheckSymbolExists.c.o   -c CheckSymbolExists.c
CheckSymbolExists.c:2:10: fatal error: 'ucred.h' file not found
#include <ucred.h>
         ^~~~~~~~~
1 error generated.
ninja: build stopped: subcommand failed.

File /Users/atman/code/pylon/nng/CMakeFiles/CMakeTmp/CheckSymbolExists.c:
/* */
#include <ucred.h>

int main(int argc, char** argv)
{
  (void)argv;
#ifndef getpeerucred
  return ((int*)(&getpeerucred))[argc];
#else
  (void)argc;
  return 0;
#endif
}

