The system is: Darwin - 17.5.0 - x86_64
Compiling the C compiler identification source file "CMakeCCompilerId.c" succeeded.
Compiler: /Applications/Xcode.app/Contents/Developer/Toolchains/XcodeDefault.xctoolchain/usr/bin/cc 
Build flags: 
Id flags:  

The output was:
0


Compilation of the C compiler identification source "CMakeCCompilerId.c" produced "a.out"

The C compiler identification is AppleClang, found in "/Users/atman/code/pylon/nano/build/CMakeFiles/3.10.3/CompilerIdC/a.out"

Determining if the C compiler works passed with the following output:
Change Dir: /Users/atman/code/pylon/nano/build/CMakeFiles/CMakeTmp

Run Build Command:"/usr/bin/make" "cmTC_4716c/fast"
/Applications/Xcode.app/Contents/Developer/usr/bin/make -f CMakeFiles/cmTC_4716c.dir/build.make CMakeFiles/cmTC_4716c.dir/build
Building C object CMakeFiles/cmTC_4716c.dir/testCCompiler.c.o
/Applications/Xcode.app/Contents/Developer/Toolchains/XcodeDefault.xctoolchain/usr/bin/cc   -isysroot /Applications/Xcode.app/Contents/Developer/Platforms/MacOSX.platform/Developer/SDKs/MacOSX10.13.sdk   -o CMakeFiles/cmTC_4716c.dir/testCCompiler.c.o   -c /Users/atman/code/pylon/nano/build/CMakeFiles/CMakeTmp/testCCompiler.c
Linking C executable cmTC_4716c
/usr/local/Cellar/cmake/3.10.3/bin/cmake -E cmake_link_script CMakeFiles/cmTC_4716c.dir/link.txt --verbose=1
/Applications/Xcode.app/Contents/Developer/Toolchains/XcodeDefault.xctoolchain/usr/bin/cc   -isysroot /Applications/Xcode.app/Contents/Developer/Platforms/MacOSX.platform/Developer/SDKs/MacOSX10.13.sdk -Wl,-search_paths_first -Wl,-headerpad_max_install_names   CMakeFiles/cmTC_4716c.dir/testCCompiler.c.o  -o cmTC_4716c 


Detecting C compiler ABI info compiled with the following output:
Change Dir: /Users/atman/code/pylon/nano/build/CMakeFiles/CMakeTmp

Run Build Command:"/usr/bin/make" "cmTC_73878/fast"
/Applications/Xcode.app/Contents/Developer/usr/bin/make -f CMakeFiles/cmTC_73878.dir/build.make CMakeFiles/cmTC_73878.dir/build
Building C object CMakeFiles/cmTC_73878.dir/CMakeCCompilerABI.c.o
/Applications/Xcode.app/Contents/Developer/Toolchains/XcodeDefault.xctoolchain/usr/bin/cc   -isysroot /Applications/Xcode.app/Contents/Developer/Platforms/MacOSX.platform/Developer/SDKs/MacOSX10.13.sdk   -o CMakeFiles/cmTC_73878.dir/CMakeCCompilerABI.c.o   -c /usr/local/Cellar/cmake/3.10.3/share/cmake/Modules/CMakeCCompilerABI.c
Linking C executable cmTC_73878
/usr/local/Cellar/cmake/3.10.3/bin/cmake -E cmake_link_script CMakeFiles/cmTC_73878.dir/link.txt --verbose=1
/Applications/Xcode.app/Contents/Developer/Toolchains/XcodeDefault.xctoolchain/usr/bin/cc   -isysroot /Applications/Xcode.app/Contents/Developer/Platforms/MacOSX.platform/Developer/SDKs/MacOSX10.13.sdk -Wl,-search_paths_first -Wl,-headerpad_max_install_names  -v -Wl,-v CMakeFiles/cmTC_73878.dir/CMakeCCompilerABI.c.o  -o cmTC_73878 
Apple LLVM version 9.1.0 (clang-902.0.39.1)
Target: x86_64-apple-darwin17.5.0
Thread model: posix
InstalledDir: /Applications/Xcode.app/Contents/Developer/Toolchains/XcodeDefault.xctoolchain/usr/bin
 "/Applications/Xcode.app/Contents/Developer/Toolchains/XcodeDefault.xctoolchain/usr/bin/ld" -demangle -lto_library /Applications/Xcode.app/Contents/Developer/Toolchains/XcodeDefault.xctoolchain/usr/lib/libLTO.dylib -dynamic -arch x86_64 -macosx_version_min 10.13.0 -syslibroot /Applications/Xcode.app/Contents/Developer/Platforms/MacOSX.platform/Developer/SDKs/MacOSX10.13.sdk -o cmTC_73878 -search_paths_first -headerpad_max_install_names -v CMakeFiles/cmTC_73878.dir/CMakeCCompilerABI.c.o -lSystem /Applications/Xcode.app/Contents/Developer/Toolchains/XcodeDefault.xctoolchain/usr/lib/clang/9.1.0/lib/darwin/libclang_rt.osx.a
@(#)PROGRAM:ld  PROJECT:ld64-351.8
configured to support archs: armv6 armv7 armv7s arm64 i386 x86_64 x86_64h armv6m armv7k armv7m armv7em (tvOS)
Library search paths:
	/Applications/Xcode.app/Contents/Developer/Platforms/MacOSX.platform/Developer/SDKs/MacOSX10.13.sdk/usr/lib
Framework search paths:
	/Applications/Xcode.app/Contents/Developer/Platforms/MacOSX.platform/Developer/SDKs/MacOSX10.13.sdk/System/Library/Frameworks/


Parsed C implicit link information from above output:
  link line regex: [^( *|.*[/\])(ld|CMAKE_LINK_STARTFILE-NOTFOUND|([^/\]+-)?ld|collect2)[^/\]*( |$)]
  ignore line: [Change Dir: /Users/atman/code/pylon/nano/build/CMakeFiles/CMakeTmp]
  ignore line: []
  ignore line: [Run Build Command:"/usr/bin/make" "cmTC_73878/fast"]
  ignore line: [/Applications/Xcode.app/Contents/Developer/usr/bin/make -f CMakeFiles/cmTC_73878.dir/build.make CMakeFiles/cmTC_73878.dir/build]
  ignore line: [Building C object CMakeFiles/cmTC_73878.dir/CMakeCCompilerABI.c.o]
  ignore line: [/Applications/Xcode.app/Contents/Developer/Toolchains/XcodeDefault.xctoolchain/usr/bin/cc   -isysroot /Applications/Xcode.app/Contents/Developer/Platforms/MacOSX.platform/Developer/SDKs/MacOSX10.13.sdk   -o CMakeFiles/cmTC_73878.dir/CMakeCCompilerABI.c.o   -c /usr/local/Cellar/cmake/3.10.3/share/cmake/Modules/CMakeCCompilerABI.c]
  ignore line: [Linking C executable cmTC_73878]
  ignore line: [/usr/local/Cellar/cmake/3.10.3/bin/cmake -E cmake_link_script CMakeFiles/cmTC_73878.dir/link.txt --verbose=1]
  ignore line: [/Applications/Xcode.app/Contents/Developer/Toolchains/XcodeDefault.xctoolchain/usr/bin/cc   -isysroot /Applications/Xcode.app/Contents/Developer/Platforms/MacOSX.platform/Developer/SDKs/MacOSX10.13.sdk -Wl,-search_paths_first -Wl,-headerpad_max_install_names  -v -Wl,-v CMakeFiles/cmTC_73878.dir/CMakeCCompilerABI.c.o  -o cmTC_73878 ]
  ignore line: [Apple LLVM version 9.1.0 (clang-902.0.39.1)]
  ignore line: [Target: x86_64-apple-darwin17.5.0]
  ignore line: [Thread model: posix]
  ignore line: [InstalledDir: /Applications/Xcode.app/Contents/Developer/Toolchains/XcodeDefault.xctoolchain/usr/bin]
  link line: [ "/Applications/Xcode.app/Contents/Developer/Toolchains/XcodeDefault.xctoolchain/usr/bin/ld" -demangle -lto_library /Applications/Xcode.app/Contents/Developer/Toolchains/XcodeDefault.xctoolchain/usr/lib/libLTO.dylib -dynamic -arch x86_64 -macosx_version_min 10.13.0 -syslibroot /Applications/Xcode.app/Contents/Developer/Platforms/MacOSX.platform/Developer/SDKs/MacOSX10.13.sdk -o cmTC_73878 -search_paths_first -headerpad_max_install_names -v CMakeFiles/cmTC_73878.dir/CMakeCCompilerABI.c.o -lSystem /Applications/Xcode.app/Contents/Developer/Toolchains/XcodeDefault.xctoolchain/usr/lib/clang/9.1.0/lib/darwin/libclang_rt.osx.a]
    arg [/Applications/Xcode.app/Contents/Developer/Toolchains/XcodeDefault.xctoolchain/usr/bin/ld] ==> ignore
    arg [-demangle] ==> ignore
    arg [-lto_library] ==> ignore, skip following value
    arg [/Applications/Xcode.app/Contents/Developer/Toolchains/XcodeDefault.xctoolchain/usr/lib/libLTO.dylib] ==> skip value of -lto_library
    arg [-dynamic] ==> ignore
    arg [-arch] ==> ignore
    arg [x86_64] ==> ignore
    arg [-macosx_version_min] ==> ignore
    arg [10.13.0] ==> ignore
    arg [-syslibroot] ==> ignore
    arg [/Applications/Xcode.app/Contents/Developer/Platforms/MacOSX.platform/Developer/SDKs/MacOSX10.13.sdk] ==> ignore
    arg [-o] ==> ignore
    arg [cmTC_73878] ==> ignore
    arg [-search_paths_first] ==> ignore
    arg [-headerpad_max_install_names] ==> ignore
    arg [-v] ==> ignore
    arg [CMakeFiles/cmTC_73878.dir/CMakeCCompilerABI.c.o] ==> ignore
    arg [-lSystem] ==> lib [System]
    arg [/Applications/Xcode.app/Contents/Developer/Toolchains/XcodeDefault.xctoolchain/usr/lib/clang/9.1.0/lib/darwin/libclang_rt.osx.a] ==> lib [/Applications/Xcode.app/Contents/Developer/Toolchains/XcodeDefault.xctoolchain/usr/lib/clang/9.1.0/lib/darwin/libclang_rt.osx.a]
  Library search paths: [;/Applications/Xcode.app/Contents/Developer/Platforms/MacOSX.platform/Developer/SDKs/MacOSX10.13.sdk/usr/lib]
  Framework search paths: [;/Applications/Xcode.app/Contents/Developer/Platforms/MacOSX.platform/Developer/SDKs/MacOSX10.13.sdk/System/Library/Frameworks/]
  remove lib [System]
  remove lib [/Applications/Xcode.app/Contents/Developer/Toolchains/XcodeDefault.xctoolchain/usr/lib/clang/9.1.0/lib/darwin/libclang_rt.osx.a]
  collapse library dir [/Applications/Xcode.app/Contents/Developer/Platforms/MacOSX.platform/Developer/SDKs/MacOSX10.13.sdk/usr/lib] ==> [/Applications/Xcode.app/Contents/Developer/Platforms/MacOSX.platform/Developer/SDKs/MacOSX10.13.sdk/usr/lib]
  collapse framework dir [/Applications/Xcode.app/Contents/Developer/Platforms/MacOSX.platform/Developer/SDKs/MacOSX10.13.sdk/System/Library/Frameworks/] ==> [/Applications/Xcode.app/Contents/Developer/Platforms/MacOSX.platform/Developer/SDKs/MacOSX10.13.sdk/System/Library/Frameworks]
  implicit libs: []
  implicit dirs: [/Applications/Xcode.app/Contents/Developer/Platforms/MacOSX.platform/Developer/SDKs/MacOSX10.13.sdk/usr/lib]
  implicit fwks: [/Applications/Xcode.app/Contents/Developer/Platforms/MacOSX.platform/Developer/SDKs/MacOSX10.13.sdk/System/Library/Frameworks]




Detecting C [-std=c11] compiler features compiled with the following output:
Change Dir: /Users/atman/code/pylon/nano/build/CMakeFiles/CMakeTmp

Run Build Command:"/usr/bin/make" "cmTC_02543/fast"
/Applications/Xcode.app/Contents/Developer/usr/bin/make -f CMakeFiles/cmTC_02543.dir/build.make CMakeFiles/cmTC_02543.dir/build
Building C object CMakeFiles/cmTC_02543.dir/feature_tests.c.o
/Applications/Xcode.app/Contents/Developer/Toolchains/XcodeDefault.xctoolchain/usr/bin/cc   -isysroot /Applications/Xcode.app/Contents/Developer/Platforms/MacOSX.platform/Developer/SDKs/MacOSX10.13.sdk   -std=c11 -o CMakeFiles/cmTC_02543.dir/feature_tests.c.o   -c /Users/atman/code/pylon/nano/build/CMakeFiles/feature_tests.c
Linking C executable cmTC_02543
/usr/local/Cellar/cmake/3.10.3/bin/cmake -E cmake_link_script CMakeFiles/cmTC_02543.dir/link.txt --verbose=1
/Applications/Xcode.app/Contents/Developer/Toolchains/XcodeDefault.xctoolchain/usr/bin/cc   -isysroot /Applications/Xcode.app/Contents/Developer/Platforms/MacOSX.platform/Developer/SDKs/MacOSX10.13.sdk -Wl,-search_paths_first -Wl,-headerpad_max_install_names   CMakeFiles/cmTC_02543.dir/feature_tests.c.o  -o cmTC_02543 


    Feature record: C_FEATURE:1c_function_prototypes
    Feature record: C_FEATURE:1c_restrict
    Feature record: C_FEATURE:1c_static_assert
    Feature record: C_FEATURE:1c_variadic_macros


Detecting C [-std=c99] compiler features compiled with the following output:
Change Dir: /Users/atman/code/pylon/nano/build/CMakeFiles/CMakeTmp

Run Build Command:"/usr/bin/make" "cmTC_000ca/fast"
/Applications/Xcode.app/Contents/Developer/usr/bin/make -f CMakeFiles/cmTC_000ca.dir/build.make CMakeFiles/cmTC_000ca.dir/build
Building C object CMakeFiles/cmTC_000ca.dir/feature_tests.c.o
/Applications/Xcode.app/Contents/Developer/Toolchains/XcodeDefault.xctoolchain/usr/bin/cc   -isysroot /Applications/Xcode.app/Contents/Developer/Platforms/MacOSX.platform/Developer/SDKs/MacOSX10.13.sdk   -std=c99 -o CMakeFiles/cmTC_000ca.dir/feature_tests.c.o   -c /Users/atman/code/pylon/nano/build/CMakeFiles/feature_tests.c
Linking C executable cmTC_000ca
/usr/local/Cellar/cmake/3.10.3/bin/cmake -E cmake_link_script CMakeFiles/cmTC_000ca.dir/link.txt --verbose=1
/Applications/Xcode.app/Contents/Developer/Toolchains/XcodeDefault.xctoolchain/usr/bin/cc   -isysroot /Applications/Xcode.app/Contents/Developer/Platforms/MacOSX.platform/Developer/SDKs/MacOSX10.13.sdk -Wl,-search_paths_first -Wl,-headerpad_max_install_names   CMakeFiles/cmTC_000ca.dir/feature_tests.c.o  -o cmTC_000ca 


    Feature record: C_FEATURE:1c_function_prototypes
    Feature record: C_FEATURE:1c_restrict
    Feature record: C_FEATURE:0c_static_assert
    Feature record: C_FEATURE:1c_variadic_macros


Detecting C [-std=c90] compiler features compiled with the following output:
Change Dir: /Users/atman/code/pylon/nano/build/CMakeFiles/CMakeTmp

Run Build Command:"/usr/bin/make" "cmTC_28b5f/fast"
/Applications/Xcode.app/Contents/Developer/usr/bin/make -f CMakeFiles/cmTC_28b5f.dir/build.make CMakeFiles/cmTC_28b5f.dir/build
Building C object CMakeFiles/cmTC_28b5f.dir/feature_tests.c.o
/Applications/Xcode.app/Contents/Developer/Toolchains/XcodeDefault.xctoolchain/usr/bin/cc   -isysroot /Applications/Xcode.app/Contents/Developer/Platforms/MacOSX.platform/Developer/SDKs/MacOSX10.13.sdk   -std=c90 -o CMakeFiles/cmTC_28b5f.dir/feature_tests.c.o   -c /Users/atman/code/pylon/nano/build/CMakeFiles/feature_tests.c
Linking C executable cmTC_28b5f
/usr/local/Cellar/cmake/3.10.3/bin/cmake -E cmake_link_script CMakeFiles/cmTC_28b5f.dir/link.txt --verbose=1
/Applications/Xcode.app/Contents/Developer/Toolchains/XcodeDefault.xctoolchain/usr/bin/cc   -isysroot /Applications/Xcode.app/Contents/Developer/Platforms/MacOSX.platform/Developer/SDKs/MacOSX10.13.sdk -Wl,-search_paths_first -Wl,-headerpad_max_install_names   CMakeFiles/cmTC_28b5f.dir/feature_tests.c.o  -o cmTC_28b5f 


    Feature record: C_FEATURE:1c_function_prototypes
    Feature record: C_FEATURE:0c_restrict
    Feature record: C_FEATURE:0c_static_assert
    Feature record: C_FEATURE:0c_variadic_macros
Determining if the include file pthread.h exists passed with the following output:
Change Dir: /Users/atman/code/pylon/nano/build/CMakeFiles/CMakeTmp

Run Build Command:"/usr/bin/make" "cmTC_8e4f1/fast"
/Applications/Xcode.app/Contents/Developer/usr/bin/make -f CMakeFiles/cmTC_8e4f1.dir/build.make CMakeFiles/cmTC_8e4f1.dir/build
Building C object CMakeFiles/cmTC_8e4f1.dir/CheckIncludeFile.c.o
/Applications/Xcode.app/Contents/Developer/Toolchains/XcodeDefault.xctoolchain/usr/bin/cc   -isysroot /Applications/Xcode.app/Contents/Developer/Platforms/MacOSX.platform/Developer/SDKs/MacOSX10.13.sdk   -o CMakeFiles/cmTC_8e4f1.dir/CheckIncludeFile.c.o   -c /Users/atman/code/pylon/nano/build/CMakeFiles/CMakeTmp/CheckIncludeFile.c
Linking C executable cmTC_8e4f1
/usr/local/Cellar/cmake/3.10.3/bin/cmake -E cmake_link_script CMakeFiles/cmTC_8e4f1.dir/link.txt --verbose=1
/Applications/Xcode.app/Contents/Developer/Toolchains/XcodeDefault.xctoolchain/usr/bin/cc   -isysroot /Applications/Xcode.app/Contents/Developer/Platforms/MacOSX.platform/Developer/SDKs/MacOSX10.13.sdk -Wl,-search_paths_first -Wl,-headerpad_max_install_names   CMakeFiles/cmTC_8e4f1.dir/CheckIncludeFile.c.o  -o cmTC_8e4f1 


Determining if the pthread_create exist passed with the following output:
Change Dir: /Users/atman/code/pylon/nano/build/CMakeFiles/CMakeTmp

Run Build Command:"/usr/bin/make" "cmTC_4ae27/fast"
/Applications/Xcode.app/Contents/Developer/usr/bin/make -f CMakeFiles/cmTC_4ae27.dir/build.make CMakeFiles/cmTC_4ae27.dir/build
Building C object CMakeFiles/cmTC_4ae27.dir/CheckSymbolExists.c.o
/Applications/Xcode.app/Contents/Developer/Toolchains/XcodeDefault.xctoolchain/usr/bin/cc   -isysroot /Applications/Xcode.app/Contents/Developer/Platforms/MacOSX.platform/Developer/SDKs/MacOSX10.13.sdk   -o CMakeFiles/cmTC_4ae27.dir/CheckSymbolExists.c.o   -c /Users/atman/code/pylon/nano/build/CMakeFiles/CMakeTmp/CheckSymbolExists.c
Linking C executable cmTC_4ae27
/usr/local/Cellar/cmake/3.10.3/bin/cmake -E cmake_link_script CMakeFiles/cmTC_4ae27.dir/link.txt --verbose=1
/Applications/Xcode.app/Contents/Developer/Toolchains/XcodeDefault.xctoolchain/usr/bin/cc   -isysroot /Applications/Xcode.app/Contents/Developer/Platforms/MacOSX.platform/Developer/SDKs/MacOSX10.13.sdk -Wl,-search_paths_first -Wl,-headerpad_max_install_names   CMakeFiles/cmTC_4ae27.dir/CheckSymbolExists.c.o  -o cmTC_4ae27 

File /Users/atman/code/pylon/nano/build/CMakeFiles/CMakeTmp/CheckSymbolExists.c:
/* */
#include <pthread.h>

int main(int argc, char** argv)
{
  (void)argv;
#ifndef pthread_create
  return ((int*)(&pthread_create))[argc];
#else
  (void)argc;
  return 0;
#endif
}

Determining if the function socketpair exists passed with the following output:
Change Dir: /Users/atman/code/pylon/nano/build/CMakeFiles/CMakeTmp

Run Build Command:"/usr/bin/make" "cmTC_20de5/fast"
/Applications/Xcode.app/Contents/Developer/usr/bin/make -f CMakeFiles/cmTC_20de5.dir/build.make CMakeFiles/cmTC_20de5.dir/build
Building C object CMakeFiles/cmTC_20de5.dir/CheckFunctionExists.c.o
/Applications/Xcode.app/Contents/Developer/Toolchains/XcodeDefault.xctoolchain/usr/bin/cc   -DCHECK_FUNCTION_EXISTS=socketpair -isysroot /Applications/Xcode.app/Contents/Developer/Platforms/MacOSX.platform/Developer/SDKs/MacOSX10.13.sdk   -o CMakeFiles/cmTC_20de5.dir/CheckFunctionExists.c.o   -c /usr/local/Cellar/cmake/3.10.3/share/cmake/Modules/CheckFunctionExists.c
Linking C executable cmTC_20de5
/usr/local/Cellar/cmake/3.10.3/bin/cmake -E cmake_link_script CMakeFiles/cmTC_20de5.dir/link.txt --verbose=1
/Applications/Xcode.app/Contents/Developer/Toolchains/XcodeDefault.xctoolchain/usr/bin/cc  -DCHECK_FUNCTION_EXISTS=socketpair -isysroot /Applications/Xcode.app/Contents/Developer/Platforms/MacOSX.platform/Developer/SDKs/MacOSX10.13.sdk -Wl,-search_paths_first -Wl,-headerpad_max_install_names   CMakeFiles/cmTC_20de5.dir/CheckFunctionExists.c.o  -o cmTC_20de5 


Determining if the function pipe exists passed with the following output:
Change Dir: /Users/atman/code/pylon/nano/build/CMakeFiles/CMakeTmp

Run Build Command:"/usr/bin/make" "cmTC_dad04/fast"
/Applications/Xcode.app/Contents/Developer/usr/bin/make -f CMakeFiles/cmTC_dad04.dir/build.make CMakeFiles/cmTC_dad04.dir/build
Building C object CMakeFiles/cmTC_dad04.dir/CheckFunctionExists.c.o
/Applications/Xcode.app/Contents/Developer/Toolchains/XcodeDefault.xctoolchain/usr/bin/cc   -DCHECK_FUNCTION_EXISTS=pipe -isysroot /Applications/Xcode.app/Contents/Developer/Platforms/MacOSX.platform/Developer/SDKs/MacOSX10.13.sdk   -o CMakeFiles/cmTC_dad04.dir/CheckFunctionExists.c.o   -c /usr/local/Cellar/cmake/3.10.3/share/cmake/Modules/CheckFunctionExists.c
Linking C executable cmTC_dad04
/usr/local/Cellar/cmake/3.10.3/bin/cmake -E cmake_link_script CMakeFiles/cmTC_dad04.dir/link.txt --verbose=1
/Applications/Xcode.app/Contents/Developer/Toolchains/XcodeDefault.xctoolchain/usr/bin/cc  -DCHECK_FUNCTION_EXISTS=pipe -isysroot /Applications/Xcode.app/Contents/Developer/Platforms/MacOSX.platform/Developer/SDKs/MacOSX10.13.sdk -Wl,-search_paths_first -Wl,-headerpad_max_install_names   CMakeFiles/cmTC_dad04.dir/CheckFunctionExists.c.o  -o cmTC_dad04 


Determining if the function kqueue exists passed with the following output:
Change Dir: /Users/atman/code/pylon/nano/build/CMakeFiles/CMakeTmp

Run Build Command:"/usr/bin/make" "cmTC_7885c/fast"
/Applications/Xcode.app/Contents/Developer/usr/bin/make -f CMakeFiles/cmTC_7885c.dir/build.make CMakeFiles/cmTC_7885c.dir/build
Building C object CMakeFiles/cmTC_7885c.dir/CheckFunctionExists.c.o
/Applications/Xcode.app/Contents/Developer/Toolchains/XcodeDefault.xctoolchain/usr/bin/cc   -DCHECK_FUNCTION_EXISTS=kqueue -isysroot /Applications/Xcode.app/Contents/Developer/Platforms/MacOSX.platform/Developer/SDKs/MacOSX10.13.sdk   -o CMakeFiles/cmTC_7885c.dir/CheckFunctionExists.c.o   -c /usr/local/Cellar/cmake/3.10.3/share/cmake/Modules/CheckFunctionExists.c
Linking C executable cmTC_7885c
/usr/local/Cellar/cmake/3.10.3/bin/cmake -E cmake_link_script CMakeFiles/cmTC_7885c.dir/link.txt --verbose=1
/Applications/Xcode.app/Contents/Developer/Toolchains/XcodeDefault.xctoolchain/usr/bin/cc  -DCHECK_FUNCTION_EXISTS=kqueue -isysroot /Applications/Xcode.app/Contents/Developer/Platforms/MacOSX.platform/Developer/SDKs/MacOSX10.13.sdk -Wl,-search_paths_first -Wl,-headerpad_max_install_names   CMakeFiles/cmTC_7885c.dir/CheckFunctionExists.c.o  -o cmTC_7885c 


Determining if the function poll exists passed with the following output:
Change Dir: /Users/atman/code/pylon/nano/build/CMakeFiles/CMakeTmp

Run Build Command:"/usr/bin/make" "cmTC_adff4/fast"
/Applications/Xcode.app/Contents/Developer/usr/bin/make -f CMakeFiles/cmTC_adff4.dir/build.make CMakeFiles/cmTC_adff4.dir/build
Building C object CMakeFiles/cmTC_adff4.dir/CheckFunctionExists.c.o
/Applications/Xcode.app/Contents/Developer/Toolchains/XcodeDefault.xctoolchain/usr/bin/cc   -DCHECK_FUNCTION_EXISTS=poll -isysroot /Applications/Xcode.app/Contents/Developer/Platforms/MacOSX.platform/Developer/SDKs/MacOSX10.13.sdk   -o CMakeFiles/cmTC_adff4.dir/CheckFunctionExists.c.o   -c /usr/local/Cellar/cmake/3.10.3/share/cmake/Modules/CheckFunctionExists.c
Linking C executable cmTC_adff4
/usr/local/Cellar/cmake/3.10.3/bin/cmake -E cmake_link_script CMakeFiles/cmTC_adff4.dir/link.txt --verbose=1
/Applications/Xcode.app/Contents/Developer/Toolchains/XcodeDefault.xctoolchain/usr/bin/cc  -DCHECK_FUNCTION_EXISTS=poll -isysroot /Applications/Xcode.app/Contents/Developer/Platforms/MacOSX.platform/Developer/SDKs/MacOSX10.13.sdk -Wl,-search_paths_first -Wl,-headerpad_max_install_names   CMakeFiles/cmTC_adff4.dir/CheckFunctionExists.c.o  -o cmTC_adff4 


Determining if the function sem_wait exists in the pthread passed with the following output:
Change Dir: /Users/atman/code/pylon/nano/build/CMakeFiles/CMakeTmp

Run Build Command:"/usr/bin/make" "cmTC_f8096/fast"
/Applications/Xcode.app/Contents/Developer/usr/bin/make -f CMakeFiles/cmTC_f8096.dir/build.make CMakeFiles/cmTC_f8096.dir/build
Building C object CMakeFiles/cmTC_f8096.dir/CheckFunctionExists.c.o
/Applications/Xcode.app/Contents/Developer/Toolchains/XcodeDefault.xctoolchain/usr/bin/cc   -DCHECK_FUNCTION_EXISTS=sem_wait -isysroot /Applications/Xcode.app/Contents/Developer/Platforms/MacOSX.platform/Developer/SDKs/MacOSX10.13.sdk   -o CMakeFiles/cmTC_f8096.dir/CheckFunctionExists.c.o   -c /usr/local/Cellar/cmake/3.10.3/share/cmake/Modules/CheckFunctionExists.c
Linking C executable cmTC_f8096
/usr/local/Cellar/cmake/3.10.3/bin/cmake -E cmake_link_script CMakeFiles/cmTC_f8096.dir/link.txt --verbose=1
/Applications/Xcode.app/Contents/Developer/Toolchains/XcodeDefault.xctoolchain/usr/bin/cc  -DCHECK_FUNCTION_EXISTS=sem_wait -isysroot /Applications/Xcode.app/Contents/Developer/Platforms/MacOSX.platform/Developer/SDKs/MacOSX10.13.sdk -Wl,-search_paths_first -Wl,-headerpad_max_install_names   CMakeFiles/cmTC_f8096.dir/CheckFunctionExists.c.o  -o cmTC_f8096 -lpthread 


Determining if the CLOCK_MONOTONIC exist passed with the following output:
Change Dir: /Users/atman/code/pylon/nano/build/CMakeFiles/CMakeTmp

Run Build Command:"/usr/bin/make" "cmTC_929b6/fast"
/Applications/Xcode.app/Contents/Developer/usr/bin/make -f CMakeFiles/cmTC_929b6.dir/build.make CMakeFiles/cmTC_929b6.dir/build
Building C object CMakeFiles/cmTC_929b6.dir/CheckSymbolExists.c.o
/Applications/Xcode.app/Contents/Developer/Toolchains/XcodeDefault.xctoolchain/usr/bin/cc   -isysroot /Applications/Xcode.app/Contents/Developer/Platforms/MacOSX.platform/Developer/SDKs/MacOSX10.13.sdk   -o CMakeFiles/cmTC_929b6.dir/CheckSymbolExists.c.o   -c /Users/atman/code/pylon/nano/build/CMakeFiles/CMakeTmp/CheckSymbolExists.c
Linking C executable cmTC_929b6
/usr/local/Cellar/cmake/3.10.3/bin/cmake -E cmake_link_script CMakeFiles/cmTC_929b6.dir/link.txt --verbose=1
/Applications/Xcode.app/Contents/Developer/Toolchains/XcodeDefault.xctoolchain/usr/bin/cc   -isysroot /Applications/Xcode.app/Contents/Developer/Platforms/MacOSX.platform/Developer/SDKs/MacOSX10.13.sdk -Wl,-search_paths_first -Wl,-headerpad_max_install_names   CMakeFiles/cmTC_929b6.dir/CheckSymbolExists.c.o  -o cmTC_929b6 

File /Users/atman/code/pylon/nano/build/CMakeFiles/CMakeTmp/CheckSymbolExists.c:
/* */
#include <time.h>

int main(int argc, char** argv)
{
  (void)argv;
#ifndef CLOCK_MONOTONIC
  return ((int*)(&CLOCK_MONOTONIC))[argc];
#else
  (void)argc;
  return 0;
#endif
}

Determining if the AF_UNIX exist passed with the following output:
Change Dir: /Users/atman/code/pylon/nano/build/CMakeFiles/CMakeTmp

Run Build Command:"/usr/bin/make" "cmTC_cdc2e/fast"
/Applications/Xcode.app/Contents/Developer/usr/bin/make -f CMakeFiles/cmTC_cdc2e.dir/build.make CMakeFiles/cmTC_cdc2e.dir/build
Building C object CMakeFiles/cmTC_cdc2e.dir/CheckSymbolExists.c.o
/Applications/Xcode.app/Contents/Developer/Toolchains/XcodeDefault.xctoolchain/usr/bin/cc   -isysroot /Applications/Xcode.app/Contents/Developer/Platforms/MacOSX.platform/Developer/SDKs/MacOSX10.13.sdk   -o CMakeFiles/cmTC_cdc2e.dir/CheckSymbolExists.c.o   -c /Users/atman/code/pylon/nano/build/CMakeFiles/CMakeTmp/CheckSymbolExists.c
Linking C executable cmTC_cdc2e
/usr/local/Cellar/cmake/3.10.3/bin/cmake -E cmake_link_script CMakeFiles/cmTC_cdc2e.dir/link.txt --verbose=1
/Applications/Xcode.app/Contents/Developer/Toolchains/XcodeDefault.xctoolchain/usr/bin/cc   -isysroot /Applications/Xcode.app/Contents/Developer/Platforms/MacOSX.platform/Developer/SDKs/MacOSX10.13.sdk -Wl,-search_paths_first -Wl,-headerpad_max_install_names   CMakeFiles/cmTC_cdc2e.dir/CheckSymbolExists.c.o  -o cmTC_cdc2e 

File /Users/atman/code/pylon/nano/build/CMakeFiles/CMakeTmp/CheckSymbolExists.c:
/* */
#include <sys/socket.h>

int main(int argc, char** argv)
{
  (void)argv;
#ifndef AF_UNIX
  return ((int*)(&AF_UNIX))[argc];
#else
  (void)argc;
  return 0;
#endif
}

Determining if the backtrace_symbols_fd exist passed with the following output:
Change Dir: /Users/atman/code/pylon/nano/build/CMakeFiles/CMakeTmp

Run Build Command:"/usr/bin/make" "cmTC_273fb/fast"
/Applications/Xcode.app/Contents/Developer/usr/bin/make -f CMakeFiles/cmTC_273fb.dir/build.make CMakeFiles/cmTC_273fb.dir/build
Building C object CMakeFiles/cmTC_273fb.dir/CheckSymbolExists.c.o
/Applications/Xcode.app/Contents/Developer/Toolchains/XcodeDefault.xctoolchain/usr/bin/cc   -isysroot /Applications/Xcode.app/Contents/Developer/Platforms/MacOSX.platform/Developer/SDKs/MacOSX10.13.sdk   -o CMakeFiles/cmTC_273fb.dir/CheckSymbolExists.c.o   -c /Users/atman/code/pylon/nano/build/CMakeFiles/CMakeTmp/CheckSymbolExists.c
Linking C executable cmTC_273fb
/usr/local/Cellar/cmake/3.10.3/bin/cmake -E cmake_link_script CMakeFiles/cmTC_273fb.dir/link.txt --verbose=1
/Applications/Xcode.app/Contents/Developer/Toolchains/XcodeDefault.xctoolchain/usr/bin/cc   -isysroot /Applications/Xcode.app/Contents/Developer/Platforms/MacOSX.platform/Developer/SDKs/MacOSX10.13.sdk -Wl,-search_paths_first -Wl,-headerpad_max_install_names   CMakeFiles/cmTC_273fb.dir/CheckSymbolExists.c.o  -o cmTC_273fb 

File /Users/atman/code/pylon/nano/build/CMakeFiles/CMakeTmp/CheckSymbolExists.c:
/* */
#include <execinfo.h>

int main(int argc, char** argv)
{
  (void)argv;
#ifndef backtrace_symbols_fd
  return ((int*)(&backtrace_symbols_fd))[argc];
#else
  (void)argc;
  return 0;
#endif
}

Performing C SOURCE FILE Test NN_HAVE_MSG_CONTROL succeeded with the following output:
Change Dir: /Users/atman/code/pylon/nano/build/CMakeFiles/CMakeTmp

Run Build Command:"/usr/bin/make" "cmTC_23673/fast"
/Applications/Xcode.app/Contents/Developer/usr/bin/make -f CMakeFiles/cmTC_23673.dir/build.make CMakeFiles/cmTC_23673.dir/build
Building C object CMakeFiles/cmTC_23673.dir/src.c.o
/Applications/Xcode.app/Contents/Developer/Toolchains/XcodeDefault.xctoolchain/usr/bin/cc   -DNN_HAVE_MSG_CONTROL -isysroot /Applications/Xcode.app/Contents/Developer/Platforms/MacOSX.platform/Developer/SDKs/MacOSX10.13.sdk   -o CMakeFiles/cmTC_23673.dir/src.c.o   -c /Users/atman/code/pylon/nano/build/CMakeFiles/CMakeTmp/src.c
Linking C executable cmTC_23673
/usr/local/Cellar/cmake/3.10.3/bin/cmake -E cmake_link_script CMakeFiles/cmTC_23673.dir/link.txt --verbose=1
/Applications/Xcode.app/Contents/Developer/Toolchains/XcodeDefault.xctoolchain/usr/bin/cc  -DNN_HAVE_MSG_CONTROL -isysroot /Applications/Xcode.app/Contents/Developer/Platforms/MacOSX.platform/Developer/SDKs/MacOSX10.13.sdk -Wl,-search_paths_first -Wl,-headerpad_max_install_names   CMakeFiles/cmTC_23673.dir/src.c.o  -o cmTC_23673 

Source file was:

#include <sys/socket.h>

int main()
{
   (void)sizeof(((struct msghdr *)0)->msg_control);
   return 0;
}

Performing C SOURCE FILE Test NN_HAVE_GCC_ATOMIC_BUILTINS succeeded with the following output:
Change Dir: /Users/atman/code/pylon/nano/build/CMakeFiles/CMakeTmp

Run Build Command:"/usr/bin/make" "cmTC_3f72e/fast"
/Applications/Xcode.app/Contents/Developer/usr/bin/make -f CMakeFiles/cmTC_3f72e.dir/build.make CMakeFiles/cmTC_3f72e.dir/build
Building C object CMakeFiles/cmTC_3f72e.dir/src.c.o
/Applications/Xcode.app/Contents/Developer/Toolchains/XcodeDefault.xctoolchain/usr/bin/cc   -DNN_HAVE_GCC_ATOMIC_BUILTINS -isysroot /Applications/Xcode.app/Contents/Developer/Platforms/MacOSX.platform/Developer/SDKs/MacOSX10.13.sdk   -o CMakeFiles/cmTC_3f72e.dir/src.c.o   -c /Users/atman/code/pylon/nano/build/CMakeFiles/CMakeTmp/src.c
Linking C executable cmTC_3f72e
/usr/local/Cellar/cmake/3.10.3/bin/cmake -E cmake_link_script CMakeFiles/cmTC_3f72e.dir/link.txt --verbose=1
/Applications/Xcode.app/Contents/Developer/Toolchains/XcodeDefault.xctoolchain/usr/bin/cc  -DNN_HAVE_GCC_ATOMIC_BUILTINS -isysroot /Applications/Xcode.app/Contents/Developer/Platforms/MacOSX.platform/Developer/SDKs/MacOSX10.13.sdk -Wl,-search_paths_first -Wl,-headerpad_max_install_names   CMakeFiles/cmTC_3f72e.dir/src.c.o  -o cmTC_3f72e 

Source file was:

    #include <stdint.h>
    int main()
    {
        volatile uint32_t n = 0;
        __sync_fetch_and_add (&n, 1);
        __sync_fetch_and_sub (&n, 1);
        return 0;
    }

